# JRE version: OpenJDK Runtime Environment (8.0_152-b02) (build 1.8.0_152-release-1024-b02)
# Java VM: OpenJDK 64-Bit Server VM (25.152-b02 mixed mode windows-amd64 compressed oops)
Heap:
 PSYoungGen      total 206848K, used 91146K [0x00000000e0000000, 0x00000000ef100000, 0x0000000100000000)
  eden space 188416K, 43% used [0x00000000e0000000,0x00000000e4f51f20,0x00000000eb800000)
  from space 18432K, 53% used [0x00000000eb800000,0x00000000ec1b0ad0,0x00000000eca00000)
  to   space 17920K, 0% used [0x00000000edf80000,0x00000000edf80000,0x00000000ef100000)
 ParOldGen       total 141312K, used 53253K [0x00000000a0000000, 0x00000000a8a00000, 0x00000000e0000000)
  object space 141312K, 37% used [0x00000000a0000000,0x00000000a3401690,0x00000000a8a00000)
 Metaspace       used 76369K, capacity 79400K, committed 79576K, reserved 1118208K
  class space    used 9751K, capacity 10454K, committed 10496K, reserved 1048576K
GC Heap History (10 events):
Event: 35.828 GC heap before
{Heap before GC invocations=20 (full 3):
 PSYoungGen      total 143360K, used 142875K [0x00000000e0000000, 0x00000000ea600000, 0x0000000100000000)
  eden space 134656K, 100% used [0x00000000e0000000,0x00000000e8380000,0x00000000e8380000)
  from space 8704K, 94% used [0x00000000e9d80000,0x00000000ea586ec8,0x00000000ea600000)
  to   space 15360K, 0% used [0x00000000e8800000,0x00000000e8800000,0x00000000e9700000)
 ParOldGen       total 141312K, used 41649K [0x00000000a0000000, 0x00000000a8a00000, 0x00000000e0000000)
  object space 141312K, 29% used [0x00000000a0000000,0x00000000a28ac638,0x00000000a8a00000)
 Metaspace       used 66693K, capacity 68974K, committed 69080K, reserved 1110016K
  class space    used 8768K, capacity 9366K, committed 9472K, reserved 1048576K
Event: 35.859 GC heap after
Heap after GC invocations=20 (full 3):
 PSYoungGen      total 154624K, used 15329K [0x00000000e0000000, 0x00000000ec780000, 0x0000000100000000)
  eden space 139264K, 0% used [0x00000000e0000000,0x00000000e0000000,0x00000000e8800000)
  from space 15360K, 99% used [0x00000000e8800000,0x00000000e96f87a0,0x00000000e9700000)
  to   space 19968K, 0% used [0x00000000eb400000,0x00000000eb400000,0x00000000ec780000)
 ParOldGen       total 141312K, used 48421K [0x00000000a0000000, 0x00000000a8a00000, 0x00000000e0000000)
  object space 141312K, 34% used [0x00000000a0000000,0x00000000a2f49600,0x00000000a8a00000)
 Metaspace       used 66693K, capacity 68974K, committed 69080K, reserved 1110016K
  class space    used 8768K, capacity 9366K, committed 9472K, reserved 1048576K
}
Event: 2293.391 GC heap before
{Heap before GC invocations=21 (full 3):
 PSYoungGen      total 154624K, used 154580K [0x00000000e0000000, 0x00000000ec780000, 0x0000000100000000)
  eden space 139264K, 99% used [0x00000000e0000000,0x00000000e87fcb68,0x00000000e8800000)
  from space 15360K, 99% used [0x00000000e8800000,0x00000000e96f87a0,0x00000000e9700000)
  to   space 19968K, 0% used [0x00000000eb400000,0x00000000eb400000,0x00000000ec780000)
 ParOldGen       total 141312K, used 48421K [0x00000000a0000000, 0x00000000a8a00000, 0x00000000e0000000)
  object space 141312K, 34% used [0x00000000a0000000,0x00000000a2f49600,0x00000000a8a00000)
 Metaspace       used 69422K, capacity 71970K, committed 72152K, reserved 1112064K
  class space    used 9012K, capacity 9620K, committed 9728K, reserved 1048576K
Event: 2293.410 GC heap after
Heap after GC invocations=21 (full 3):
 PSYoungGen      total 184832K, used 5411K [0x00000000e0000000, 0x00000000ec800000, 0x0000000100000000)
  eden space 164864K, 0% used [0x00000000e0000000,0x00000000e0000000,0x00000000ea100000)
  from space 19968K, 27% used [0x00000000eb400000,0x00000000eb948fa8,0x00000000ec780000)
  to   space 19456K, 0% used [0x00000000ea100000,0x00000000ea100000,0x00000000eb400000)
 ParOldGen       total 141312K, used 53229K [0x00000000a0000000, 0x00000000a8a00000, 0x00000000e0000000)
  object space 141312K, 37% used [0x00000000a0000000,0x00000000a33fb690,0x00000000a8a00000)
 Metaspace       used 69422K, capacity 71970K, committed 72152K, reserved 1112064K
  class space    used 9012K, capacity 9620K, committed 9728K, reserved 1048576K
}
Event: 2304.724 GC heap before
{Heap before GC invocations=22 (full 3):
 PSYoungGen      total 184832K, used 170275K [0x00000000e0000000, 0x00000000ec800000, 0x0000000100000000)
  eden space 164864K, 100% used [0x00000000e0000000,0x00000000ea100000,0x00000000ea100000)
  from space 19968K, 27% used [0x00000000eb400000,0x00000000eb948fa8,0x00000000ec780000)
  to   space 19456K, 0% used [0x00000000ea100000,0x00000000ea100000,0x00000000eb400000)
 ParOldGen       total 141312K, used 53229K [0x00000000a0000000, 0x00000000a8a00000, 0x00000000e0000000)
  object space 141312K, 37% used [0x00000000a0000000,0x00000000a33fb690,0x00000000a8a00000)
 Metaspace       used 70244K, capacity 72850K, committed 72920K, reserved 1112064K
  class space    used 9068K, capacity 9686K, committed 9728K, reserved 1048576K
Event: 2304.740 GC heap after
Heap after GC invocations=22 (full 3):
 PSYoungGen      total 184320K, used 6272K [0x00000000e0000000, 0x00000000ee080000, 0x0000000100000000)
  eden space 164864K, 0% used [0x00000000e0000000,0x00000000e0000000,0x00000000ea100000)
  from space 19456K, 32% used [0x00000000ea100000,0x00000000ea720030,0x00000000eb400000)
  to   space 18944K, 0% used [0x00000000ece00000,0x00000000ece00000,0x00000000ee080000)
 ParOldGen       total 141312K, used 53237K [0x00000000a0000000, 0x00000000a8a00000, 0x00000000e0000000)
  object space 141312K, 37% used [0x00000000a0000000,0x00000000a33fd690,0x00000000a8a00000)
 Metaspace       used 70244K, capacity 72850K, committed 72920K, reserved 1112064K
  class space    used 9068K, capacity 9686K, committed 9728K, reserved 1048576K
}
Event: 2307.384 GC heap before
{Heap before GC invocations=23 (full 3):
 PSYoungGen      total 184320K, used 170840K [0x00000000e0000000, 0x00000000ee080000, 0x0000000100000000)
  eden space 164864K, 99% used [0x00000000e0000000,0x00000000ea0b6388,0x00000000ea100000)
  from space 19456K, 32% used [0x00000000ea100000,0x00000000ea720030,0x00000000eb400000)
  to   space 18944K, 0% used [0x00000000ece00000,0x00000000ece00000,0x00000000ee080000)
 ParOldGen       total 141312K, used 53237K [0x00000000a0000000, 0x00000000a8a00000, 0x00000000e0000000)
  object space 141312K, 37% used [0x00000000a0000000,0x00000000a33fd690,0x00000000a8a00000)
 Metaspace       used 74064K, capacity 76700K, committed 76760K, reserved 1116160K
  class space    used 9566K, capacity 10203K, committed 10240K, reserved 1048576K
Event: 2307.393 GC heap after
Heap after GC invocations=23 (full 3):
 PSYoungGen      total 202752K, used 8233K [0x00000000e0000000, 0x00000000edc00000, 0x0000000100000000)
  eden space 188416K, 0% used [0x00000000e0000000,0x00000000e0000000,0x00000000eb800000)
  from space 14336K, 57% used [0x00000000ece00000,0x00000000ed60a748,0x00000000edc00000)
  to   space 18432K, 0% used [0x00000000eb800000,0x00000000eb800000,0x00000000eca00000)
 ParOldGen       total 141312K, used 53245K [0x00000000a0000000, 0x00000000a8a00000, 0x00000000e0000000)
  object space 141312K, 37% used [0x00000000a0000000,0x00000000a33ff690,0x00000000a8a00000)
 Metaspace       used 74064K, capacity 76700K, committed 76760K, reserved 1116160K
  class space    used 9566K, capacity 10203K, committed 10240K, reserved 1048576K
}
Event: 3427.957 GC heap before
{Heap before GC invocations=24 (full 3):
 PSYoungGen      total 202752K, used 196649K [0x00000000e0000000, 0x00000000edc00000, 0x0000000100000000)
  eden space 188416K, 100% used [0x00000000e0000000,0x00000000eb800000,0x00000000eb800000)
  from space 14336K, 57% used [0x00000000ece00000,0x00000000ed60a748,0x00000000edc00000)
  to   space 18432K, 0% used [0x00000000eb800000,0x00000000eb800000,0x00000000eca00000)
 ParOldGen       total 141312K, used 53245K [0x00000000a0000000, 0x00000000a8a00000, 0x00000000e0000000)
  object space 141312K, 37% used [0x00000000a0000000,0x00000000a33ff690,0x00000000a8a00000)
 Metaspace       used 75971K, capacity 78860K, committed 79064K, reserved 1118208K
  class space    used 9721K, capacity 10398K, committed 10496K, reserved 1048576K
Event: 3428.022 GC heap after
Heap after GC invocations=24 (full 3):
 PSYoungGen      total 206848K, used 9922K [0x00000000e0000000, 0x00000000ef100000, 0x0000000100000000)
  eden space 188416K, 0% used [0x00000000e0000000,0x00000000e0000000,0x00000000eb800000)
  from space 18432K, 53% used [0x00000000eb800000,0x00000000ec1b0ad0,0x00000000eca00000)
  to   space 17920K, 0% used [0x00000000edf80000,0x00000000edf80000,0x00000000ef100000)
 ParOldGen       total 141312K, used 53253K [0x00000000a0000000, 0x00000000a8a00000, 0x00000000e0000000)
  object space 141312K, 37% used [0x00000000a0000000,0x00000000a3401690,0x00000000a8a00000)
 Metaspace       used 75971K, capacity 78860K, committed 79064K, reserved 1118208K
  class space    used 9721K, capacity 10398K, committed 10496K, reserved 1048576K
}

