# JRE version: OpenJDK Runtime Environment (8.0_152-b02) (build 1.8.0_152-release-1024-b02)
# Java VM: OpenJDK 64-Bit Server VM (25.152-b02 mixed mode windows-amd64 compressed oops)
Heap:
 PSYoungGen      total 156672K, used 52598K [0x00000000e0000000, 0x00000000ed100000, 0x0000000100000000)
  eden space 141824K, 37% used [0x00000000e0000000,0x00000000e335d888,0x00000000e8a80000)
  from space 14848K, 0% used [0x00000000e8a80000,0x00000000e8a80000,0x00000000e9900000)
  to   space 15360K, 0% used [0x00000000ec200000,0x00000000ec200000,0x00000000ed100000)
 ParOldGen       total 128512K, used 30969K [0x00000000a0000000, 0x00000000a7d80000, 0x00000000e0000000)
  object space 128512K, 24% used [0x00000000a0000000,0x00000000a1e3e4a0,0x00000000a7d80000)
 Metaspace       used 60606K, capacity 62268K, committed 62592K, reserved 1103872K
  class space    used 8127K, capacity 8519K, committed 8576K, reserved 1048576K
GC Heap History (10 events):
Event: 7.772 GC heap before
{Heap before GC invocations=12 (full 2):
 PSYoungGen      total 91136K, used 79872K [0x00000000e0000000, 0x00000000e8200000, 0x0000000100000000)
  eden space 79872K, 100% used [0x00000000e0000000,0x00000000e4e00000,0x00000000e4e00000)
  from space 11264K, 0% used [0x00000000e4e00000,0x00000000e4e00000,0x00000000e5900000)
  to   space 10752K, 0% used [0x00000000e7780000,0x00000000e7780000,0x00000000e8200000)
 ParOldGen       total 84480K, used 14664K [0x00000000a0000000, 0x00000000a5280000, 0x00000000e0000000)
  object space 84480K, 17% used [0x00000000a0000000,0x00000000a0e523f8,0x00000000a5280000)
 Metaspace       used 39207K, capacity 39930K, committed 40192K, reserved 1083392K
  class space    used 5352K, capacity 5585K, committed 5632K, reserved 1048576K
Event: 7.787 GC heap after
Heap after GC invocations=12 (full 2):
 PSYoungGen      total 115712K, used 8023K [0x00000000e0000000, 0x00000000e7f80000, 0x0000000100000000)
  eden space 107520K, 0% used [0x00000000e0000000,0x00000000e0000000,0x00000000e6900000)
  from space 8192K, 97% used [0x00000000e7780000,0x00000000e7f55f88,0x00000000e7f80000)
  to   space 10752K, 0% used [0x00000000e6a80000,0x00000000e6a80000,0x00000000e7500000)
 ParOldGen       total 84480K, used 14672K [0x00000000a0000000, 0x00000000a5280000, 0x00000000e0000000)
  object space 84480K, 17% used [0x00000000a0000000,0x00000000a0e543f8,0x00000000a5280000)
 Metaspace       used 39207K, capacity 39930K, committed 40192K, reserved 1083392K
  class space    used 5352K, capacity 5585K, committed 5632K, reserved 1048576K
}
Event: 9.532 GC heap before
{Heap before GC invocations=13 (full 2):
 PSYoungGen      total 115712K, used 115543K [0x00000000e0000000, 0x00000000e7f80000, 0x0000000100000000)
  eden space 107520K, 100% used [0x00000000e0000000,0x00000000e6900000,0x00000000e6900000)
  from space 8192K, 97% used [0x00000000e7780000,0x00000000e7f55f88,0x00000000e7f80000)
  to   space 10752K, 0% used [0x00000000e6a80000,0x00000000e6a80000,0x00000000e7500000)
 ParOldGen       total 84480K, used 14672K [0x00000000a0000000, 0x00000000a5280000, 0x00000000e0000000)
  object space 84480K, 17% used [0x00000000a0000000,0x00000000a0e543f8,0x00000000a5280000)
 Metaspace       used 49113K, capacity 50448K, committed 50688K, reserved 1093632K
  class space    used 6681K, capacity 7045K, committed 7168K, reserved 1048576K
Event: 9.567 GC heap after
Heap after GC invocations=13 (full 2):
 PSYoungGen      total 119808K, used 10721K [0x00000000e0000000, 0x00000000ea880000, 0x0000000100000000)
  eden space 109056K, 0% used [0x00000000e0000000,0x00000000e0000000,0x00000000e6a80000)
  from space 10752K, 99% used [0x00000000e6a80000,0x00000000e74f87d0,0x00000000e7500000)
  to   space 14336K, 0% used [0x00000000e9a80000,0x00000000e9a80000,0x00000000ea880000)
 ParOldGen       total 84480K, used 20720K [0x00000000a0000000, 0x00000000a5280000, 0x00000000e0000000)
  object space 84480K, 24% used [0x00000000a0000000,0x00000000a143c1b0,0x00000000a5280000)
 Metaspace       used 49113K, capacity 50448K, committed 50688K, reserved 1093632K
  class space    used 6681K, capacity 7045K, committed 7168K, reserved 1048576K
}
Event: 19.520 GC heap before
{Heap before GC invocations=14 (full 2):
 PSYoungGen      total 119808K, used 119777K [0x00000000e0000000, 0x00000000ea880000, 0x0000000100000000)
  eden space 109056K, 100% used [0x00000000e0000000,0x00000000e6a80000,0x00000000e6a80000)
  from space 10752K, 99% used [0x00000000e6a80000,0x00000000e74f87d0,0x00000000e7500000)
  to   space 14336K, 0% used [0x00000000e9a80000,0x00000000e9a80000,0x00000000ea880000)
 ParOldGen       total 84480K, used 20720K [0x00000000a0000000, 0x00000000a5280000, 0x00000000e0000000)
  object space 84480K, 24% used [0x00000000a0000000,0x00000000a143c1b0,0x00000000a5280000)
 Metaspace       used 55200K, capacity 56890K, committed 57088K, reserved 1097728K
  class space    used 7507K, capacity 7900K, committed 7936K, reserved 1048576K
Event: 19.546 GC heap after
Heap after GC invocations=14 (full 2):
 PSYoungGen      total 155136K, used 11723K [0x00000000e0000000, 0x00000000ea780000, 0x0000000100000000)
  eden space 141824K, 0% used [0x00000000e0000000,0x00000000e0000000,0x00000000e8a80000)
  from space 13312K, 88% used [0x00000000e9a80000,0x00000000ea5f2ee0,0x00000000ea780000)
  to   space 14848K, 0% used [0x00000000e8a80000,0x00000000e8a80000,0x00000000e9900000)
 ParOldGen       total 84480K, used 25945K [0x00000000a0000000, 0x00000000a5280000, 0x00000000e0000000)
  object space 84480K, 30% used [0x00000000a0000000,0x00000000a1956660,0x00000000a5280000)
 Metaspace       used 55200K, capacity 56890K, committed 57088K, reserved 1097728K
  class space    used 7507K, capacity 7900K, committed 7936K, reserved 1048576K
}
Event: 20.570 GC heap before
{Heap before GC invocations=15 (full 2):
 PSYoungGen      total 155136K, used 39701K [0x00000000e0000000, 0x00000000ea780000, 0x0000000100000000)
  eden space 141824K, 19% used [0x00000000e0000000,0x00000000e1b52880,0x00000000e8a80000)
  from space 13312K, 88% used [0x00000000e9a80000,0x00000000ea5f2ee0,0x00000000ea780000)
  to   space 14848K, 0% used [0x00000000e8a80000,0x00000000e8a80000,0x00000000e9900000)
 ParOldGen       total 84480K, used 25945K [0x00000000a0000000, 0x00000000a5280000, 0x00000000e0000000)
  object space 84480K, 30% used [0x00000000a0000000,0x00000000a1956660,0x00000000a5280000)
 Metaspace       used 57184K, capacity 58812K, committed 59008K, reserved 1099776K
  class space    used 7784K, capacity 8199K, committed 8320K, reserved 1048576K
Event: 20.584 GC heap after
Heap after GC invocations=15 (full 2):
 PSYoungGen      total 156672K, used 1393K [0x00000000e0000000, 0x00000000ed100000, 0x0000000100000000)
  eden space 141824K, 0% used [0x00000000e0000000,0x00000000e0000000,0x00000000e8a80000)
  from space 14848K, 9% used [0x00000000e8a80000,0x00000000e8bdc5c0,0x00000000e9900000)
  to   space 15360K, 0% used [0x00000000ec200000,0x00000000ec200000,0x00000000ed100000)
 ParOldGen       total 84480K, used 32202K [0x00000000a0000000, 0x00000000a5280000, 0x00000000e0000000)
  object space 84480K, 38% used [0x00000000a0000000,0x00000000a1f72bb0,0x00000000a5280000)
 Metaspace       used 57184K, capacity 58812K, committed 59008K, reserved 1099776K
  class space    used 7784K, capacity 8199K, committed 8320K, reserved 1048576K
}
Event: 20.584 GC heap before
{Heap before GC invocations=16 (full 3):
 PSYoungGen      total 156672K, used 1393K [0x00000000e0000000, 0x00000000ed100000, 0x0000000100000000)
  eden space 141824K, 0% used [0x00000000e0000000,0x00000000e0000000,0x00000000e8a80000)
  from space 14848K, 9% used [0x00000000e8a80000,0x00000000e8bdc5c0,0x00000000e9900000)
  to   space 15360K, 0% used [0x00000000ec200000,0x00000000ec200000,0x00000000ed100000)
 ParOldGen       total 84480K, used 32202K [0x00000000a0000000, 0x00000000a5280000, 0x00000000e0000000)
  object space 84480K, 38% used [0x00000000a0000000,0x00000000a1f72bb0,0x00000000a5280000)
 Metaspace       used 57184K, capacity 58812K, committed 59008K, reserved 1099776K
  class space    used 7784K, capacity 8199K, committed 8320K, reserved 1048576K
Event: 21.078 GC heap after
Heap after GC invocations=16 (full 3):
 PSYoungGen      total 156672K, used 0K [0x00000000e0000000, 0x00000000ed100000, 0x0000000100000000)
  eden space 141824K, 0% used [0x00000000e0000000,0x00000000e0000000,0x00000000e8a80000)
  from space 14848K, 0% used [0x00000000e8a80000,0x00000000e8a80000,0x00000000e9900000)
  to   space 15360K, 0% used [0x00000000ec200000,0x00000000ec200000,0x00000000ed100000)
 ParOldGen       total 128512K, used 30969K [0x00000000a0000000, 0x00000000a7d80000, 0x00000000e0000000)
  object space 128512K, 24% used [0x00000000a0000000,0x00000000a1e3e4a0,0x00000000a7d80000)
 Metaspace       used 57184K, capacity 58812K, committed 59008K, reserved 1099776K
  class space    used 7784K, capacity 8199K, committed 8320K, reserved 1048576K
}

